<?xml version="1.0" encoding="UTF-8"?>
<!-- Generated by org.testng.reporters.JUnitXMLReporter -->
<testsuite hostname="DESKTOP-BQS7GFT" ignored="1" name="Default test(failed)" tests="1" failures="0" timestamp="2022-07-26T07:10:33 IST" time="0.064" errors="0">
  <testcase name="functionality1" time="0.018" classname="Training.AutomationTrainingJava.Frameworkclass"/>
  <testcase name="functionality" time="0.0" classname="Training.AutomationTrainingJava.Frameworkclass">
    <ignored/>
  </testcase> <!-- functionality -->
</testsuite> <!-- Default test(failed) -->
