<?xml version="1.0" encoding="UTF-8"?>
<!-- Generated by org.testng.reporters.JUnitXMLReporter -->
<testsuite hostname="DESKTOP-BQS7GFT" ignored="1" name="Test" tests="1" failures="0" timestamp="2022-07-26T07:23:50 IST" time="0.041" errors="0">
  <testcase name="functionality" time="0.009" classname="Training.AutomationTrainingJava.Frameworkclas2"/>
  <testcase name="functionality1" time="0.0" classname="Training.AutomationTrainingJava.Frameworkclas2">
    <ignored/>
  </testcase> <!-- functionality1 -->
</testsuite> <!-- Test -->
