<?xml version="1.0" encoding="UTF-8"?>
<!-- Generated by org.testng.reporters.JUnitXMLReporter -->
<testsuite hostname="DESKTOP-BQS7GFT" ignored="0" name="DemoTest" tests="5" failures="0" timestamp="2022-07-26T07:08:40 IST" time="0.047" errors="0">
  <testcase name="functionality1" time="0.008" classname="Training.AutomationTrainingJava.Frameworkclas2"/>
  <testcase name="functionality" time="0.001" classname="Training.AutomationTrainingJava.Frameworkclas2"/>
  <testcase name="functionality1" time="0.001" classname="Training.AutomationTrainingJava.Frameworkclass"/>
  <testcase name="functionality" time="0.0" classname="Training.AutomationTrainingJava.Frameworkclass"/>
  <testcase name="functionality" time="0.001" classname="Training.AutomationTrainingJava.frame1"/>
</testsuite> <!-- DemoTest -->
