<?xml version="1.0" encoding="UTF-8"?>
<testng-results skipped="0" failed="0" ignored="0" total="1" passed="1">
  <reporter-output>
  </reporter-output>
  <suite name="Default suite" duration-ms="71850" started-at="2022-07-29T07:22:48 IST" finished-at="2022-07-29T07:23:59 IST">
    <groups>
    </groups>
    <test name="Default test" duration-ms="71850" started-at="2022-07-29T07:22:48 IST" finished-at="2022-07-29T07:23:59 IST">
      <class name="Training.AutomationTrainingJava.HomepageTest">
        <test-method status="PASS" signature="Hmpage()[pri:0, instance:Training.AutomationTrainingJava.HomepageTest@10d68fcd]" name="Hmpage" duration-ms="71793" started-at="2022-07-29T07:22:48 IST" finished-at="2022-07-29T07:23:59 IST">
          <reporter-output>
          </reporter-output>
        </test-method> <!-- Hmpage -->
      </class> <!-- Training.AutomationTrainingJava.HomepageTest -->
    </test> <!-- Default test -->
  </suite> <!-- Default suite -->
</testng-results>
